#
# There is insufficient memory for the Java Runtime Environment to continue.
# Native memory allocation (mmap) failed to map 134217728 bytes for Failed to commit area from 0x0000000080e00000 to 0x0000000088e00000 of length 134217728.
# Possible reasons:
#   The system is out of physical RAM or swap space
#   The process is running with CompressedOops enabled, and the Java Heap may be blocking the growth of the native heap
# Possible solutions:
#   Reduce memory load on the system
#   Increase physical memory or swap space
#   Check if swap backing store is full
#   Decrease Java heap size (-Xmx/-Xms)
#   Decrease number of Java threads
#   Decrease Java thread stack sizes (-Xss)
#   Set larger code cache with -XX:ReservedCodeCacheSize=
# This output file may be truncated or incomplete.
#
#  Out of Memory Error (./open/src/hotspot/os/windows/os_windows.cpp:3276), pid=5040, tid=16956
#
# JRE version:  (11.0.13+10) (build )
# Java VM: Java HotSpot(TM) 64-Bit Server VM (11.0.13+10-LTS-370, mixed mode, sharing, tiered, compressed oops, g1 gc, windows-amd64)
# No core dump will be written. Minidumps are not enabled by default on client versions of Windows
#

---------------  S U M M A R Y ------------

Command Line: Senai.atividades.decrescente

Host: Intel(R) Core(TM) i3-9100F CPU @ 3.60GHz, 4 cores, 7G,  Windows 10 , 64 bit Build 22000 (10.0.22000.708)
Time: Wed Aug 10 17:16:24 2022 Hora oficial do Brasil elapsed time: 0.014382 seconds (0d 0h 0m 0s)

---------------  T H R E A D  ---------------

Current thread (0x0000021623708800):  JavaThread "Unknown thread" [_thread_in_vm, id=16956, stack(0x000000bbf3b00000,0x000000bbf3c00000)]

Stack: [0x000000bbf3b00000,0x000000bbf3c00000]
Native frames: (J=compiled Java code, j=interpreted, Vv=VM code, C=native code)
V  [jvm.dll+0x62870a]
V  [jvm.dll+0x761f2f]
V  [jvm.dll+0x7635d9]
V  [jvm.dll+0x763c63]
V  [jvm.dll+0x23d728]
V  [jvm.dll+0x625aba]
V  [jvm.dll+0x61a855]
V  [jvm.dll+0x2f242c]
V  [jvm.dll+0x2f22b2]
V  [jvm.dll+0x2f6fd6]
V  [jvm.dll+0x3395ff]
V  [jvm.dll+0x339030]
V  [jvm.dll+0x2cfa38]
V  [jvm.dll+0x2d0ba6]
V  [jvm.dll+0x73c547]
V  [jvm.dll+0x73dddf]
V  [jvm.dll+0x346369]
V  [jvm.dll+0x721e60]
V  [jvm.dll+0x3b500f]
V  [jvm.dll+0x3b7121]
C  [jli.dll+0x5207]
C  [ucrtbase.dll+0x26c0c]
C  [KERNEL32.DLL+0x154e0]
C  [ntdll.dll+0x485b]


---------------  P R O C E S S  ---------------

Threads class SMR info:
_java_thread_list=0x000002162353ff40, length=0, elements={
}

Java Threads: ( => current thread )

Other Threads:
  0x000002162371e800 GCTaskThread "GC Thread#0" [stack: 0x000000bbf3c00000,0x000000bbf3d00000] [id=2928]
  0x000002162374e800 ConcurrentGCThread "G1 Main Marker" [stack: 0x000000bbf3d00000,0x000000bbf3e00000] [id=15832]
  0x0000021623750800 ConcurrentGCThread "G1 Conc#0" [stack: 0x000000bbf3e00000,0x000000bbf3f00000] [id=4536]

[error occurred during error reporting (printing all threads), id 0xc0000005, EXCEPTION_ACCESS_VIOLATION (0xc0000005) at pc=0x00007ff81034ecc7]

VM state:not at safepoint (not fully initialized)

VM Mutex/Monitor currently owned by a thread:  ([mutex/lock_event])
[0x00000216237053f0] Heap_lock - owner thread: 0x0000021623708800

Heap address: 0x0000000080e00000, size: 2034 MB, Compressed Oops mode: Non-zero based: 0x0000000080e00000
Narrow klass base: 0x0000000000000000, Narrow klass shift: 0

GC Heap History (0 events):
No events

Deoptimization events (0 events):
No events

Classes redefined (0 events):
No events

Internal exceptions (0 events):
No events

Events (0 events):
No events


Dynamic libraries:
0x00007ff74ae20000 - 0x00007ff74ae2f000 	C:\Program Files\Java\jdk-11.0.13\bin\java.exe
0x00007ff84b6a0000 - 0x00007ff84b8a9000 	C:\Windows\SYSTEM32\ntdll.dll
0x00007ff84a5b0000 - 0x00007ff84a66d000 	C:\Windows\System32\KERNEL32.DLL
0x00007ff848bb0000 - 0x00007ff848f2d000 	C:\Windows\System32\KERNELBASE.dll
0x00007ff848f30000 - 0x00007ff849041000 	C:\Windows\System32\ucrtbase.dll
0x00007ff827d80000 - 0x00007ff827d98000 	C:\Program Files\Java\jdk-11.0.13\bin\jli.dll
0x00007ff82e020000 - 0x00007ff82e035000 	C:\Program Files\Java\jdk-11.0.13\bin\VCRUNTIME140.dll
0x00007ff84a7e0000 - 0x00007ff84a88e000 	C:\Windows\System32\ADVAPI32.dll
0x00007ff84a900000 - 0x00007ff84a9a3000 	C:\Windows\System32\msvcrt.dll
0x00007ff84b1e0000 - 0x00007ff84b27e000 	C:\Windows\System32\sechost.dll
0x00007ff84b530000 - 0x00007ff84b650000 	C:\Windows\System32\RPCRT4.dll
0x00007ff84a280000 - 0x00007ff84a42d000 	C:\Windows\System32\USER32.dll
0x00007ff848b80000 - 0x00007ff848ba6000 	C:\Windows\System32\win32u.dll
0x00007ff8496f0000 - 0x00007ff849719000 	C:\Windows\System32\GDI32.dll
0x00007ff849370000 - 0x00007ff849488000 	C:\Windows\System32\gdi32full.dll
0x00007ff849490000 - 0x00007ff84952d000 	C:\Windows\System32\msvcp_win.dll
0x00007ff832b40000 - 0x00007ff832de5000 	C:\Windows\WinSxS\amd64_microsoft.windows.common-controls_6595b64144ccf1df_6.0.22000.120_none_9d947278b86cc467\COMCTL32.dll
0x00007ff842ed0000 - 0x00007ff842eda000 	C:\Windows\SYSTEM32\VERSION.dll
0x00007ff8495c0000 - 0x00007ff8495f1000 	C:\Windows\System32\IMM32.DLL
0x00007ff826c90000 - 0x00007ff826d2b000 	C:\Program Files\Java\jdk-11.0.13\bin\msvcp140.dll
0x00007ff810070000 - 0x00007ff810b83000 	C:\Program Files\Java\jdk-11.0.13\bin\server\jvm.dll
0x00007ff84a9b0000 - 0x00007ff84a9b8000 	C:\Windows\System32\PSAPI.DLL
0x00007ff83f110000 - 0x00007ff83f143000 	C:\Windows\SYSTEM32\WINMM.dll
0x00007ff8365e0000 - 0x00007ff8365e9000 	C:\Windows\SYSTEM32\WSOCK32.dll
0x00007ff84b310000 - 0x00007ff84b37f000 	C:\Windows\System32\WS2_32.dll
0x00007ff847d70000 - 0x00007ff847d88000 	C:\Windows\SYSTEM32\kernel.appcore.dll
0x00007ff836490000 - 0x00007ff8364a0000 	C:\Program Files\Java\jdk-11.0.13\bin\verify.dll
0x00007ff83d3a0000 - 0x00007ff83d5c1000 	C:\Windows\SYSTEM32\DBGHELP.DLL
0x00007ff831ef0000 - 0x00007ff831f21000 	C:\Windows\SYSTEM32\dbgcore.DLL
0x00007ff849050000 - 0x00007ff8490cf000 	C:\Windows\System32\bcryptPrimitives.dll
0x00007ff827ae0000 - 0x00007ff827b08000 	C:\Program Files\Java\jdk-11.0.13\bin\java.dll
0x00007ff8351d0000 - 0x00007ff8351da000 	C:\Program Files\Java\jdk-11.0.13\bin\jimage.dll
0x00007ff8276f0000 - 0x00007ff827706000 	C:\Program Files\Java\jdk-11.0.13\bin\zip.dll

dbghelp: loaded successfully - version: 4.0.5 - missing functions: none
symbol engine: initialized successfully - sym options: 0x614 - pdb path: .;C:\Program Files\Java\jdk-11.0.13\bin;C:\Windows\SYSTEM32;C:\Windows\WinSxS\amd64_microsoft.windows.common-controls_6595b64144ccf1df_6.0.22000.120_none_9d947278b86cc467;C:\Program Files\Java\jdk-11.0.13\bin\server

VM Arguments:
java_command: Senai.atividades.decrescente
java_class_path (initial): C:\Users\vitor\AppData\Roaming\Code\User\workspaceStorage\7e381c3686e90eea3ef7cecc51b33a25\redhat.java\jdt_ws\Treinando_f57e4f5e\bin;c:\Users\vitor\OneDrive\Documentos\gson-2.9.1.jar
Launcher Type: SUN_STANDARD

[Global flags]
     intx CICompilerCount                          = 3                                         {product} {ergonomic}
     uint ConcGCThreads                            = 1                                         {product} {ergonomic}
     uint G1ConcRefinementThreads                  = 4                                         {product} {ergonomic}
   size_t G1HeapRegionSize                         = 1048576                                   {product} {ergonomic}
    uintx GCDrainStackTargetSize                   = 64                                        {product} {ergonomic}
   size_t InitialHeapSize                          = 134217728                                 {product} {ergonomic}
   size_t MarkStackSize                            = 4194304                                   {product} {ergonomic}
   size_t MaxHeapSize                              = 2132803584                                {product} {ergonomic}
   size_t MinHeapDeltaBytes                        = 1048576                                   {product} {ergonomic}
    uintx NonNMethodCodeHeapSize                   = 5830732                                {pd product} {ergonomic}
    uintx NonProfiledCodeHeapSize                  = 122913754                              {pd product} {ergonomic}
    uintx ProfiledCodeHeapSize                     = 122913754                              {pd product} {ergonomic}
    uintx ReservedCodeCacheSize                    = 251658240                              {pd product} {ergonomic}
     bool SegmentedCodeCache                       = true                                      {product} {ergonomic}
     bool UseCompressedClassPointers               = true                                 {lp64_product} {ergonomic}
     bool UseCompressedOops                        = true                                 {lp64_product} {ergonomic}
     bool UseG1GC                                  = true                                      {product} {ergonomic}
     bool UseLargePagesIndividualAllocation        = false                                  {pd product} {ergonomic}

Logging:
Log output configuration:
 #0: stdout all=warning uptime,level,tags
 #1: stderr all=off uptime,level,tags

Environment Variables:
PATH=c:\program files\java\jdk-11.0.13\bin;c:\windows\system32;c:\windows;c:\windows\system32\wbem;c:\windows\system32\windowspowershell\v1.0\;c:\windows\system32\openssh\;c:\program files\putty\;c:\program files\git\cmd;c:\program files\microsoft vs code\bin;c:\program files\dotnet\;c:\program files\calibre2\;c:\program files (x86)\zerotier\one\;c:\program files\nvidia corporation\nvidia nvdlisr;C:\Program Files (x86)\NVIDIA Corporation\PhysX\Common;C:\Program Files\Microsoft VS Code\bin;C:\Program Files\Git\cmd;C:\Users\vitor\AppData\Local\Programs\Python\Python310\Scripts\;C:\Users\vitor\AppData\Local\Programs\Python\Python310\;C:\Users\vitor\AppData\Local\Microsoft\WindowsApps
USERNAME=vitor
OS=Windows_NT
PROCESSOR_IDENTIFIER=Intel64 Family 6 Model 158 Stepping 10, GenuineIntel



---------------  S Y S T E M  ---------------

OS: Windows 10 , 64 bit Build 22000 (10.0.22000.708)

CPU:total 4 (initial active 4) (4 cores per cpu, 1 threads per core) family 6 model 158 stepping 10 microcode 0xde, cmov, cx8, fxsr, mmx, sse, sse2, sse3, ssse3, sse4.1, sse4.2, popcnt, avx, avx2, aes, clmul, erms, 3dnowpref, lzcnt, tsc, tscinvbit, bmi1, bmi2, adx, fma

Memory: 4k page, system-wide physical 8134M (1328M free)
TotalPageFile size 17836M (AvailPageFile size 92M)
current process WorkingSet (physical memory assigned to process): 10M, peak: 10M
current process commit charge ("private bytes"): 51M, peak: 179M

vm_info: Java HotSpot(TM) 64-Bit Server VM (11.0.13+10-LTS-370) for windows-amd64 JRE (11.0.13+10-LTS-370), built on Sep 15 2021 22:10:36 by "mach5one" with MS VC++ 15.9 (VS2017)

END.
