#
# There is insufficient memory for the Java Runtime Environment to continue.
# Native memory allocation (malloc) failed to allocate 32784 bytes for Chunk::new
# Possible reasons:
#   The system is out of physical RAM or swap space
#   The process is running with CompressedOops enabled, and the Java Heap may be blocking the growth of the native heap
# Possible solutions:
#   Reduce memory load on the system
#   Increase physical memory or swap space
#   Check if swap backing store is full
#   Decrease Java heap size (-Xmx/-Xms)
#   Decrease number of Java threads
#   Decrease Java thread stack sizes (-Xss)
#   Set larger code cache with -XX:ReservedCodeCacheSize=
#   JVM is running with Unscaled Compressed Oops mode in which the Java heap is
#     placed in the first 4GB address space. The Java Heap base address is the
#     maximum limit for the native heap growth. Please use -XX:HeapBaseMinAddress
#     to set the Java Heap base and to place the Java Heap above 4GB virtual address.
# This output file may be truncated or incomplete.
#
#  Out of Memory Error (./open/src/hotspot/share/memory/arena.cpp:197), pid=7468, tid=1424
#
# JRE version: Java(TM) SE Runtime Environment 18.9 (11.0.13+10) (build 11.0.13+10-LTS-370)
# Java VM: Java HotSpot(TM) 64-Bit Server VM 18.9 (11.0.13+10-LTS-370, mixed mode, tiered, compressed oops, g1 gc, windows-amd64)
# No core dump will be written. Minidumps are not enabled by default on client versions of Windows
#

---------------  S U M M A R Y ------------

Command Line: relogio.main.watch

Host: Intel(R) Core(TM) i3-9100F CPU @ 3.60GHz, 4 cores, 7G,  Windows 10 , 64 bit Build 22000 (10.0.22000.708)
Time: Thu Aug 11 14:10:39 2022 Hora oficial do Brasil elapsed time: 1.025822 seconds (0d 0h 0m 1s)

---------------  T H R E A D  ---------------

Current thread (0x0000015d42f70000):  JavaThread "C2 CompilerThread1" daemon [_thread_in_native, id=1424, stack(0x00000030e3000000,0x00000030e3100000)]


Current CompileTask:
C2:   1025  715       4       java.util.regex.Pattern$NotBehind::match (137 bytes)

Stack: [0x00000030e3000000,0x00000030e3100000]
Native frames: (J=compiled Java code, j=interpreted, Vv=VM code, C=native code)
V  [jvm.dll+0x62870a]
V  [jvm.dll+0x761f2f]
V  [jvm.dll+0x7635d9]
V  [jvm.dll+0x763c63]
V  [jvm.dll+0x23d728]
V  [jvm.dll+0xb293c]
V  [jvm.dll+0xb2efc]
V  [jvm.dll+0xb2a4b]
V  [jvm.dll+0x608acf]
V  [jvm.dll+0x828c3]
V  [jvm.dll+0x65289b]
V  [jvm.dll+0x20052b]
V  [jvm.dll+0x1fa33a]
V  [jvm.dll+0x1f731d]
V  [jvm.dll+0x177991]
V  [jvm.dll+0x206d84]
V  [jvm.dll+0x204ebb]
V  [jvm.dll+0x727e70]
V  [jvm.dll+0x720a54]
V  [jvm.dll+0x627606]
C  [ucrtbase.dll+0x26c0c]
C  [KERNEL32.DLL+0x154e0]
C  [ntdll.dll+0x485b]


---------------  P R O C E S S  ---------------

Threads class SMR info:
_java_thread_list=0x0000015d42d217b0, length=11, elements={
0x0000015d24959800, 0x0000015d41fea000, 0x0000015d4200d000, 0x0000015d42030800,
0x0000015d42031000, 0x0000015d42034800, 0x0000015d42035800, 0x0000015d42039000,
0x0000015d42041800, 0x0000015d42b0c000, 0x0000015d42f70000
}

Java Threads: ( => current thread )
  0x0000015d24959800 JavaThread "main" [_thread_in_native, id=9596, stack(0x00000030e1d00000,0x00000030e1e00000)]
  0x0000015d41fea000 JavaThread "Reference Handler" daemon [_thread_blocked, id=12276, stack(0x00000030e2500000,0x00000030e2600000)]
  0x0000015d4200d000 JavaThread "Finalizer" daemon [_thread_blocked, id=13392, stack(0x00000030e2600000,0x00000030e2700000)]
  0x0000015d42030800 JavaThread "Signal Dispatcher" daemon [_thread_blocked, id=13620, stack(0x00000030e2800000,0x00000030e2900000)]
  0x0000015d42031000 JavaThread "Attach Listener" daemon [_thread_blocked, id=13968, stack(0x00000030e2900000,0x00000030e2a00000)]
  0x0000015d42034800 JavaThread "Service Thread" daemon [_thread_blocked, id=17208, stack(0x00000030e2a00000,0x00000030e2b00000)]
  0x0000015d42035800 JavaThread "C2 CompilerThread0" daemon [_thread_in_native, id=2632, stack(0x00000030e2b00000,0x00000030e2c00000)]
  0x0000015d42039000 JavaThread "C1 CompilerThread0" daemon [_thread_in_native, id=8224, stack(0x00000030e2c00000,0x00000030e2d00000)]
  0x0000015d42041800 JavaThread "Sweeper thread" daemon [_thread_blocked, id=14508, stack(0x00000030e2d00000,0x00000030e2e00000)]
  0x0000015d42b0c000 JavaThread "Common-Cleaner" daemon [_thread_blocked, id=11060, stack(0x00000030e2f00000,0x00000030e3000000)]
=>0x0000015d42f70000 JavaThread "C2 CompilerThread1" daemon [_thread_in_native, id=1424, stack(0x00000030e3000000,0x00000030e3100000)]

Other Threads:
  0x0000015d41fe4000 VMThread "VM Thread" [stack: 0x00000030e2400000,0x00000030e2500000] [id=12656]
  0x0000015d42b06800 WatcherThread [stack: 0x00000030e2e00000,0x00000030e2f00000] [id=10060]
  0x0000015d2496f800 GCTaskThread "GC Thread#0" [stack: 0x00000030e1f00000,0x00000030e2000000] [id=14372]
  0x0000015d2499e800 ConcurrentGCThread "G1 Main Marker" [stack: 0x00000030e2000000,0x00000030e2100000] [id=4960]
  0x0000015d249a1000 ConcurrentGCThread "G1 Conc#0" [stack: 0x00000030e2100000,0x00000030e2200000] [id=14916]
  0x0000015d24a31800 ConcurrentGCThread "G1 Refine#0" [stack: 0x00000030e2200000,0x00000030e2300000] [id=16660]
  0x0000015d24a34800 ConcurrentGCThread "G1 Young RemSet Sampling" [stack: 0x00000030e2300000,0x00000030e2400000] [id=3420]

Threads with active compile tasks:
C2 CompilerThread0   1050  662       4       sun.security.util.AbstractAlgorithmConstraints::checkAlgorithm (140 bytes)
C1 CompilerThread0   1050  779       3       java.util.ImmutableCollections$ListN::get (7 bytes)
C2 CompilerThread1   1050  715       4       java.util.regex.Pattern$NotBehind::match (137 bytes)

VM state:not at safepoint (normal execution)

VM Mutex/Monitor currently owned by a thread: None

Heap address: 0x0000000080e00000, size: 2034 MB, Compressed Oops mode: 32-bit
Narrow klass base: 0x0000000000000000, Narrow klass shift: 3
Compressed class space size: 1073741824 Address: 0x0000000100000000

Heap:
 garbage-first heap   total 131072K, used 12288K [0x0000000080e00000, 0x0000000100000000)
  region size 1024K, 13 young (13312K), 0 survivors (0K)
 Metaspace       used 12378K, capacity 12510K, committed 12672K, reserved 1060864K
  class space    used 1243K, capacity 1289K, committed 1408K, reserved 1048576K
Heap Regions: E=young(eden), S=young(survivor), O=old, HS=humongous(starts), HC=humongous(continues), CS=collection set, F=free, A=archive, TAMS=top-at-mark-start (previous, next)
|   0|0x0000000080e00000, 0x0000000080e00000, 0x0000000080f00000|  0%| F|  |TAMS 0x0000000080e00000, 0x0000000080e00000| Untracked 
|   1|0x0000000080f00000, 0x0000000080f00000, 0x0000000081000000|  0%| F|  |TAMS 0x0000000080f00000, 0x0000000080f00000| Untracked 
|   2|0x0000000081000000, 0x0000000081000000, 0x0000000081100000|  0%| F|  |TAMS 0x0000000081000000, 0x0000000081000000| Untracked 
|   3|0x0000000081100000, 0x0000000081100000, 0x0000000081200000|  0%| F|  |TAMS 0x0000000081100000, 0x0000000081100000| Untracked 
|   4|0x0000000081200000, 0x0000000081200000, 0x0000000081300000|  0%| F|  |TAMS 0x0000000081200000, 0x0000000081200000| Untracked 
|   5|0x0000000081300000, 0x0000000081300000, 0x0000000081400000|  0%| F|  |TAMS 0x0000000081300000, 0x0000000081300000| Untracked 
|   6|0x0000000081400000, 0x0000000081400000, 0x0000000081500000|  0%| F|  |TAMS 0x0000000081400000, 0x0000000081400000| Untracked 
|   7|0x0000000081500000, 0x0000000081500000, 0x0000000081600000|  0%| F|  |TAMS 0x0000000081500000, 0x0000000081500000| Untracked 
|   8|0x0000000081600000, 0x0000000081600000, 0x0000000081700000|  0%| F|  |TAMS 0x0000000081600000, 0x0000000081600000| Untracked 
|   9|0x0000000081700000, 0x0000000081700000, 0x0000000081800000|  0%| F|  |TAMS 0x0000000081700000, 0x0000000081700000| Untracked 
|  10|0x0000000081800000, 0x0000000081800000, 0x0000000081900000|  0%| F|  |TAMS 0x0000000081800000, 0x0000000081800000| Untracked 
|  11|0x0000000081900000, 0x0000000081900000, 0x0000000081a00000|  0%| F|  |TAMS 0x0000000081900000, 0x0000000081900000| Untracked 
|  12|0x0000000081a00000, 0x0000000081a00000, 0x0000000081b00000|  0%| F|  |TAMS 0x0000000081a00000, 0x0000000081a00000| Untracked 
|  13|0x0000000081b00000, 0x0000000081b00000, 0x0000000081c00000|  0%| F|  |TAMS 0x0000000081b00000, 0x0000000081b00000| Untracked 
|  14|0x0000000081c00000, 0x0000000081c00000, 0x0000000081d00000|  0%| F|  |TAMS 0x0000000081c00000, 0x0000000081c00000| Untracked 
|  15|0x0000000081d00000, 0x0000000081d00000, 0x0000000081e00000|  0%| F|  |TAMS 0x0000000081d00000, 0x0000000081d00000| Untracked 
|  16|0x0000000081e00000, 0x0000000081e00000, 0x0000000081f00000|  0%| F|  |TAMS 0x0000000081e00000, 0x0000000081e00000| Untracked 
|  17|0x0000000081f00000, 0x0000000081f00000, 0x0000000082000000|  0%| F|  |TAMS 0x0000000081f00000, 0x0000000081f00000| Untracked 
|  18|0x0000000082000000, 0x0000000082000000, 0x0000000082100000|  0%| F|  |TAMS 0x0000000082000000, 0x0000000082000000| Untracked 
|  19|0x0000000082100000, 0x0000000082100000, 0x0000000082200000|  0%| F|  |TAMS 0x0000000082100000, 0x0000000082100000| Untracked 
|  20|0x0000000082200000, 0x0000000082200000, 0x0000000082300000|  0%| F|  |TAMS 0x0000000082200000, 0x0000000082200000| Untracked 
|  21|0x0000000082300000, 0x0000000082300000, 0x0000000082400000|  0%| F|  |TAMS 0x0000000082300000, 0x0000000082300000| Untracked 
|  22|0x0000000082400000, 0x0000000082400000, 0x0000000082500000|  0%| F|  |TAMS 0x0000000082400000, 0x0000000082400000| Untracked 
|  23|0x0000000082500000, 0x0000000082500000, 0x0000000082600000|  0%| F|  |TAMS 0x0000000082500000, 0x0000000082500000| Untracked 
|  24|0x0000000082600000, 0x0000000082600000, 0x0000000082700000|  0%| F|  |TAMS 0x0000000082600000, 0x0000000082600000| Untracked 
|  25|0x0000000082700000, 0x0000000082700000, 0x0000000082800000|  0%| F|  |TAMS 0x0000000082700000, 0x0000000082700000| Untracked 
|  26|0x0000000082800000, 0x0000000082800000, 0x0000000082900000|  0%| F|  |TAMS 0x0000000082800000, 0x0000000082800000| Untracked 
|  27|0x0000000082900000, 0x0000000082900000, 0x0000000082a00000|  0%| F|  |TAMS 0x0000000082900000, 0x0000000082900000| Untracked 
|  28|0x0000000082a00000, 0x0000000082a00000, 0x0000000082b00000|  0%| F|  |TAMS 0x0000000082a00000, 0x0000000082a00000| Untracked 
|  29|0x0000000082b00000, 0x0000000082b00000, 0x0000000082c00000|  0%| F|  |TAMS 0x0000000082b00000, 0x0000000082b00000| Untracked 
|  30|0x0000000082c00000, 0x0000000082c00000, 0x0000000082d00000|  0%| F|  |TAMS 0x0000000082c00000, 0x0000000082c00000| Untracked 
|  31|0x0000000082d00000, 0x0000000082d00000, 0x0000000082e00000|  0%| F|  |TAMS 0x0000000082d00000, 0x0000000082d00000| Untracked 
|  32|0x0000000082e00000, 0x0000000082e00000, 0x0000000082f00000|  0%| F|  |TAMS 0x0000000082e00000, 0x0000000082e00000| Untracked 
|  33|0x0000000082f00000, 0x0000000082f00000, 0x0000000083000000|  0%| F|  |TAMS 0x0000000082f00000, 0x0000000082f00000| Untracked 
|  34|0x0000000083000000, 0x0000000083000000, 0x0000000083100000|  0%| F|  |TAMS 0x0000000083000000, 0x0000000083000000| Untracked 
|  35|0x0000000083100000, 0x0000000083100000, 0x0000000083200000|  0%| F|  |TAMS 0x0000000083100000, 0x0000000083100000| Untracked 
|  36|0x0000000083200000, 0x0000000083200000, 0x0000000083300000|  0%| F|  |TAMS 0x0000000083200000, 0x0000000083200000| Untracked 
|  37|0x0000000083300000, 0x0000000083300000, 0x0000000083400000|  0%| F|  |TAMS 0x0000000083300000, 0x0000000083300000| Untracked 
|  38|0x0000000083400000, 0x0000000083400000, 0x0000000083500000|  0%| F|  |TAMS 0x0000000083400000, 0x0000000083400000| Untracked 
|  39|0x0000000083500000, 0x0000000083500000, 0x0000000083600000|  0%| F|  |TAMS 0x0000000083500000, 0x0000000083500000| Untracked 
|  40|0x0000000083600000, 0x0000000083600000, 0x0000000083700000|  0%| F|  |TAMS 0x0000000083600000, 0x0000000083600000| Untracked 
|  41|0x0000000083700000, 0x0000000083700000, 0x0000000083800000|  0%| F|  |TAMS 0x0000000083700000, 0x0000000083700000| Untracked 
|  42|0x0000000083800000, 0x0000000083800000, 0x0000000083900000|  0%| F|  |TAMS 0x0000000083800000, 0x0000000083800000| Untracked 
|  43|0x0000000083900000, 0x0000000083900000, 0x0000000083a00000|  0%| F|  |TAMS 0x0000000083900000, 0x0000000083900000| Untracked 
|  44|0x0000000083a00000, 0x0000000083a00000, 0x0000000083b00000|  0%| F|  |TAMS 0x0000000083a00000, 0x0000000083a00000| Untracked 
|  45|0x0000000083b00000, 0x0000000083b00000, 0x0000000083c00000|  0%| F|  |TAMS 0x0000000083b00000, 0x0000000083b00000| Untracked 
|  46|0x0000000083c00000, 0x0000000083c00000, 0x0000000083d00000|  0%| F|  |TAMS 0x0000000083c00000, 0x0000000083c00000| Untracked 
|  47|0x0000000083d00000, 0x0000000083d00000, 0x0000000083e00000|  0%| F|  |TAMS 0x0000000083d00000, 0x0000000083d00000| Untracked 
|  48|0x0000000083e00000, 0x0000000083e00000, 0x0000000083f00000|  0%| F|  |TAMS 0x0000000083e00000, 0x0000000083e00000| Untracked 
|  49|0x0000000083f00000, 0x0000000083f00000, 0x0000000084000000|  0%| F|  |TAMS 0x0000000083f00000, 0x0000000083f00000| Untracked 
|  50|0x0000000084000000, 0x0000000084000000, 0x0000000084100000|  0%| F|  |TAMS 0x0000000084000000, 0x0000000084000000| Untracked 
|  51|0x0000000084100000, 0x0000000084100000, 0x0000000084200000|  0%| F|  |TAMS 0x0000000084100000, 0x0000000084100000| Untracked 
|  52|0x0000000084200000, 0x0000000084200000, 0x0000000084300000|  0%| F|  |TAMS 0x0000000084200000, 0x0000000084200000| Untracked 
|  53|0x0000000084300000, 0x0000000084300000, 0x0000000084400000|  0%| F|  |TAMS 0x0000000084300000, 0x0000000084300000| Untracked 
|  54|0x0000000084400000, 0x0000000084400000, 0x0000000084500000|  0%| F|  |TAMS 0x0000000084400000, 0x0000000084400000| Untracked 
|  55|0x0000000084500000, 0x0000000084500000, 0x0000000084600000|  0%| F|  |TAMS 0x0000000084500000, 0x0000000084500000| Untracked 
|  56|0x0000000084600000, 0x0000000084600000, 0x0000000084700000|  0%| F|  |TAMS 0x0000000084600000, 0x0000000084600000| Untracked 
|  57|0x0000000084700000, 0x0000000084700000, 0x0000000084800000|  0%| F|  |TAMS 0x0000000084700000, 0x0000000084700000| Untracked 
|  58|0x0000000084800000, 0x0000000084800000, 0x0000000084900000|  0%| F|  |TAMS 0x0000000084800000, 0x0000000084800000| Untracked 
|  59|0x0000000084900000, 0x0000000084900000, 0x0000000084a00000|  0%| F|  |TAMS 0x0000000084900000, 0x0000000084900000| Untracked 
|  60|0x0000000084a00000, 0x0000000084a00000, 0x0000000084b00000|  0%| F|  |TAMS 0x0000000084a00000, 0x0000000084a00000| Untracked 
|  61|0x0000000084b00000, 0x0000000084b00000, 0x0000000084c00000|  0%| F|  |TAMS 0x0000000084b00000, 0x0000000084b00000| Untracked 
|  62|0x0000000084c00000, 0x0000000084c00000, 0x0000000084d00000|  0%| F|  |TAMS 0x0000000084c00000, 0x0000000084c00000| Untracked 
|  63|0x0000000084d00000, 0x0000000084d00000, 0x0000000084e00000|  0%| F|  |TAMS 0x0000000084d00000, 0x0000000084d00000| Untracked 
|  64|0x0000000084e00000, 0x0000000084e00000, 0x0000000084f00000|  0%| F|  |TAMS 0x0000000084e00000, 0x0000000084e00000| Untracked 
|  65|0x0000000084f00000, 0x0000000084f00000, 0x0000000085000000|  0%| F|  |TAMS 0x0000000084f00000, 0x0000000084f00000| Untracked 
|  66|0x0000000085000000, 0x0000000085000000, 0x0000000085100000|  0%| F|  |TAMS 0x0000000085000000, 0x0000000085000000| Untracked 
|  67|0x0000000085100000, 0x0000000085100000, 0x0000000085200000|  0%| F|  |TAMS 0x0000000085100000, 0x0000000085100000| Untracked 
|  68|0x0000000085200000, 0x0000000085200000, 0x0000000085300000|  0%| F|  |TAMS 0x0000000085200000, 0x0000000085200000| Untracked 
|  69|0x0000000085300000, 0x0000000085300000, 0x0000000085400000|  0%| F|  |TAMS 0x0000000085300000, 0x0000000085300000| Untracked 
|  70|0x0000000085400000, 0x0000000085400000, 0x0000000085500000|  0%| F|  |TAMS 0x0000000085400000, 0x0000000085400000| Untracked 
|  71|0x0000000085500000, 0x0000000085500000, 0x0000000085600000|  0%| F|  |TAMS 0x0000000085500000, 0x0000000085500000| Untracked 
|  72|0x0000000085600000, 0x0000000085600000, 0x0000000085700000|  0%| F|  |TAMS 0x0000000085600000, 0x0000000085600000| Untracked 
|  73|0x0000000085700000, 0x0000000085700000, 0x0000000085800000|  0%| F|  |TAMS 0x0000000085700000, 0x0000000085700000| Untracked 
|  74|0x0000000085800000, 0x0000000085800000, 0x0000000085900000|  0%| F|  |TAMS 0x0000000085800000, 0x0000000085800000| Untracked 
|  75|0x0000000085900000, 0x0000000085900000, 0x0000000085a00000|  0%| F|  |TAMS 0x0000000085900000, 0x0000000085900000| Untracked 
|  76|0x0000000085a00000, 0x0000000085a00000, 0x0000000085b00000|  0%| F|  |TAMS 0x0000000085a00000, 0x0000000085a00000| Untracked 
|  77|0x0000000085b00000, 0x0000000085b00000, 0x0000000085c00000|  0%| F|  |TAMS 0x0000000085b00000, 0x0000000085b00000| Untracked 
|  78|0x0000000085c00000, 0x0000000085c00000, 0x0000000085d00000|  0%| F|  |TAMS 0x0000000085c00000, 0x0000000085c00000| Untracked 
|  79|0x0000000085d00000, 0x0000000085d00000, 0x0000000085e00000|  0%| F|  |TAMS 0x0000000085d00000, 0x0000000085d00000| Untracked 
|  80|0x0000000085e00000, 0x0000000085e00000, 0x0000000085f00000|  0%| F|  |TAMS 0x0000000085e00000, 0x0000000085e00000| Untracked 
|  81|0x0000000085f00000, 0x0000000085f00000, 0x0000000086000000|  0%| F|  |TAMS 0x0000000085f00000, 0x0000000085f00000| Untracked 
|  82|0x0000000086000000, 0x0000000086000000, 0x0000000086100000|  0%| F|  |TAMS 0x0000000086000000, 0x0000000086000000| Untracked 
|  83|0x0000000086100000, 0x0000000086100000, 0x0000000086200000|  0%| F|  |TAMS 0x0000000086100000, 0x0000000086100000| Untracked 
|  84|0x0000000086200000, 0x0000000086200000, 0x0000000086300000|  0%| F|  |TAMS 0x0000000086200000, 0x0000000086200000| Untracked 
|  85|0x0000000086300000, 0x0000000086300000, 0x0000000086400000|  0%| F|  |TAMS 0x0000000086300000, 0x0000000086300000| Untracked 
|  86|0x0000000086400000, 0x0000000086400000, 0x0000000086500000|  0%| F|  |TAMS 0x0000000086400000, 0x0000000086400000| Untracked 
|  87|0x0000000086500000, 0x0000000086500000, 0x0000000086600000|  0%| F|  |TAMS 0x0000000086500000, 0x0000000086500000| Untracked 
|  88|0x0000000086600000, 0x0000000086600000, 0x0000000086700000|  0%| F|  |TAMS 0x0000000086600000, 0x0000000086600000| Untracked 
|  89|0x0000000086700000, 0x0000000086700000, 0x0000000086800000|  0%| F|  |TAMS 0x0000000086700000, 0x0000000086700000| Untracked 
|  90|0x0000000086800000, 0x0000000086800000, 0x0000000086900000|  0%| F|  |TAMS 0x0000000086800000, 0x0000000086800000| Untracked 
|  91|0x0000000086900000, 0x0000000086900000, 0x0000000086a00000|  0%| F|  |TAMS 0x0000000086900000, 0x0000000086900000| Untracked 
|  92|0x0000000086a00000, 0x0000000086a00000, 0x0000000086b00000|  0%| F|  |TAMS 0x0000000086a00000, 0x0000000086a00000| Untracked 
|  93|0x0000000086b00000, 0x0000000086b00000, 0x0000000086c00000|  0%| F|  |TAMS 0x0000000086b00000, 0x0000000086b00000| Untracked 
|  94|0x0000000086c00000, 0x0000000086c00000, 0x0000000086d00000|  0%| F|  |TAMS 0x0000000086c00000, 0x0000000086c00000| Untracked 
|  95|0x0000000086d00000, 0x0000000086d00000, 0x0000000086e00000|  0%| F|  |TAMS 0x0000000086d00000, 0x0000000086d00000| Untracked 
|  96|0x0000000086e00000, 0x0000000086e00000, 0x0000000086f00000|  0%| F|  |TAMS 0x0000000086e00000, 0x0000000086e00000| Untracked 
|  97|0x0000000086f00000, 0x0000000086f00000, 0x0000000087000000|  0%| F|  |TAMS 0x0000000086f00000, 0x0000000086f00000| Untracked 
|  98|0x0000000087000000, 0x0000000087000000, 0x0000000087100000|  0%| F|  |TAMS 0x0000000087000000, 0x0000000087000000| Untracked 
|  99|0x0000000087100000, 0x0000000087100000, 0x0000000087200000|  0%| F|  |TAMS 0x0000000087100000, 0x0000000087100000| Untracked 
| 100|0x0000000087200000, 0x0000000087200000, 0x0000000087300000|  0%| F|  |TAMS 0x0000000087200000, 0x0000000087200000| Untracked 
| 101|0x0000000087300000, 0x0000000087300000, 0x0000000087400000|  0%| F|  |TAMS 0x0000000087300000, 0x0000000087300000| Untracked 
| 102|0x0000000087400000, 0x0000000087400000, 0x0000000087500000|  0%| F|  |TAMS 0x0000000087400000, 0x0000000087400000| Untracked 
| 103|0x0000000087500000, 0x0000000087500000, 0x0000000087600000|  0%| F|  |TAMS 0x0000000087500000, 0x0000000087500000| Untracked 
| 104|0x0000000087600000, 0x0000000087600000, 0x0000000087700000|  0%| F|  |TAMS 0x0000000087600000, 0x0000000087600000| Untracked 
| 105|0x0000000087700000, 0x0000000087700000, 0x0000000087800000|  0%| F|  |TAMS 0x0000000087700000, 0x0000000087700000| Untracked 
| 106|0x0000000087800000, 0x0000000087800000, 0x0000000087900000|  0%| F|  |TAMS 0x0000000087800000, 0x0000000087800000| Untracked 
| 107|0x0000000087900000, 0x0000000087900000, 0x0000000087a00000|  0%| F|  |TAMS 0x0000000087900000, 0x0000000087900000| Untracked 
| 108|0x0000000087a00000, 0x0000000087a00000, 0x0000000087b00000|  0%| F|  |TAMS 0x0000000087a00000, 0x0000000087a00000| Untracked 
| 109|0x0000000087b00000, 0x0000000087b00000, 0x0000000087c00000|  0%| F|  |TAMS 0x0000000087b00000, 0x0000000087b00000| Untracked 
| 110|0x0000000087c00000, 0x0000000087c00000, 0x0000000087d00000|  0%| F|  |TAMS 0x0000000087c00000, 0x0000000087c00000| Untracked 
| 111|0x0000000087d00000, 0x0000000087d00000, 0x0000000087e00000|  0%| F|  |TAMS 0x0000000087d00000, 0x0000000087d00000| Untracked 
| 112|0x0000000087e00000, 0x0000000087e00000, 0x0000000087f00000|  0%| F|  |TAMS 0x0000000087e00000, 0x0000000087e00000| Untracked 
| 113|0x0000000087f00000, 0x0000000087f00000, 0x0000000088000000|  0%| F|  |TAMS 0x0000000087f00000, 0x0000000087f00000| Untracked 
| 114|0x0000000088000000, 0x0000000088000000, 0x0000000088100000|  0%| F|  |TAMS 0x0000000088000000, 0x0000000088000000| Untracked 
| 115|0x0000000088100000, 0x00000000881901e8, 0x0000000088200000| 56%| E|  |TAMS 0x0000000088100000, 0x0000000088100000| Complete 
| 116|0x0000000088200000, 0x0000000088300000, 0x0000000088300000|100%| E|CS|TAMS 0x0000000088200000, 0x0000000088200000| Complete 
| 117|0x0000000088300000, 0x0000000088400000, 0x0000000088400000|100%| E|CS|TAMS 0x0000000088300000, 0x0000000088300000| Complete 
| 118|0x0000000088400000, 0x0000000088500000, 0x0000000088500000|100%| E|CS|TAMS 0x0000000088400000, 0x0000000088400000| Complete 
| 119|0x0000000088500000, 0x0000000088600000, 0x0000000088600000|100%| E|CS|TAMS 0x0000000088500000, 0x0000000088500000| Complete 
| 120|0x0000000088600000, 0x0000000088700000, 0x0000000088700000|100%| E|CS|TAMS 0x0000000088600000, 0x0000000088600000| Complete 
| 121|0x0000000088700000, 0x0000000088800000, 0x0000000088800000|100%| E|CS|TAMS 0x0000000088700000, 0x0000000088700000| Complete 
| 122|0x0000000088800000, 0x0000000088900000, 0x0000000088900000|100%| E|CS|TAMS 0x0000000088800000, 0x0000000088800000| Complete 
| 123|0x0000000088900000, 0x0000000088a00000, 0x0000000088a00000|100%| E|CS|TAMS 0x0000000088900000, 0x0000000088900000| Complete 
| 124|0x0000000088a00000, 0x0000000088b00000, 0x0000000088b00000|100%| E|CS|TAMS 0x0000000088a00000, 0x0000000088a00000| Complete 
| 125|0x0000000088b00000, 0x0000000088c00000, 0x0000000088c00000|100%| E|CS|TAMS 0x0000000088b00000, 0x0000000088b00000| Complete 
| 126|0x0000000088c00000, 0x0000000088d00000, 0x0000000088d00000|100%| E|CS|TAMS 0x0000000088c00000, 0x0000000088c00000| Complete 
| 127|0x0000000088d00000, 0x0000000088e00000, 0x0000000088e00000|100%| E|CS|TAMS 0x0000000088d00000, 0x0000000088d00000| Complete 

Card table byte_map: [0x0000015d3b390000,0x0000015d3b790000] _byte_map_base: 0x0000015d3af89000

Marking Bits (Prev, Next): (CMBitMap*) 0x0000015d24995f38, (CMBitMap*) 0x0000015d24995f70
 Prev Bits: [0x0000015d3bb90000, 0x0000015d3db58000)
 Next Bits: [0x0000015d3db60000, 0x0000015d3fb28000)

Polling page: 0x0000015d228f0000

Metaspace:

Usage:
  Non-class:     10.96 MB capacity,    10.87 MB (>99%) used,    72.79 KB ( <1%) free+waste,    13.19 KB ( <1%) overhead. 
      Class:      1.26 MB capacity,     1.21 MB ( 96%) used,    40.16 KB (  3%) free+waste,     5.69 KB ( <1%) overhead. 
       Both:     12.22 MB capacity,    12.09 MB ( 99%) used,   112.95 KB ( <1%) free+waste,    18.88 KB ( <1%) overhead. 

Virtual space:
  Non-class space:       12.00 MB reserved,      11.00 MB ( 92%) committed 
      Class space:        1.00 GB reserved,       1.38 MB ( <1%) committed 
             Both:        1.01 GB reserved,      12.38 MB (  1%) committed 

Chunk freelists:
   Non-Class:  5.38 KB
       Class:  2.88 KB
        Both:  8.25 KB

CodeHeap 'non-profiled nmethods': size=120064Kb used=238Kb max_used=238Kb free=119825Kb
 bounds [0x0000015d33a50000, 0x0000015d33cc0000, 0x0000015d3af90000]
CodeHeap 'profiled nmethods': size=120000Kb used=1288Kb max_used=1288Kb free=118711Kb
 bounds [0x0000015d2c520000, 0x0000015d2c790000, 0x0000015d33a50000]
CodeHeap 'non-nmethods': size=5696Kb used=1091Kb max_used=1096Kb free=4604Kb
 bounds [0x0000015d2bf90000, 0x0000015d2c200000, 0x0000015d2c520000]
 total_blobs=1181 nmethods=781 adapters=312
 compilation: enabled
              stopped_count=0, restarted_count=0
 full_count=0

Compilation events (10 events):
Event: 0.991 Thread 0x0000015d42039000 nmethod 752 0x0000015d2c659f90 code [0x0000015d2c65a160, 0x0000015d2c65a478]
Event: 0.991 Thread 0x0000015d42039000  755       3       java.lang.invoke.LambdaForm::internArgument (84 bytes)
Event: 0.991 Thread 0x0000015d42039000 nmethod 755 0x0000015d2c65a610 code [0x0000015d2c65a7e0, 0x0000015d2c65ab88]
Event: 0.991 Thread 0x0000015d42039000  756       1       java.lang.invoke.LambdaForm$Name::index (5 bytes)
Event: 0.992 Thread 0x0000015d42039000 nmethod 756 0x0000015d33a88f90 code [0x0000015d33a89120, 0x0000015d33a891d8]
Event: 0.992 Thread 0x0000015d42039000  757   !   3       java.lang.invoke.MemberName$Factory::resolve (157 bytes)
Event: 0.992 Thread 0x0000015d42039000 nmethod 757 0x0000015d2c65ad90 code [0x0000015d2c65afa0, 0x0000015d2c65b5e8]
Event: 0.994 Thread 0x0000015d42039000  759       3       java.lang.invoke.MethodHandles$Lookup::lookupClassOrNull (17 bytes)
Event: 0.994 Thread 0x0000015d42039000 nmethod 759 0x0000015d2c65b910 code [0x0000015d2c65baa0, 0x0000015d2c65bc18]
Event: 0.994 Thread 0x0000015d42039000  760       3       jdk.internal.org.objectweb.asm.Type::getArgumentsAndReturnSizes (151 bytes)

GC Heap History (0 events):
No events

Deoptimization events (6 events):
Event: 0.172 Thread 0x0000015d24959800 Uncommon trap: reason=unstable_if action=reinterpret pc=0x0000015d33a53e10 method=java.lang.String.hashCode()I @ 14 c2
Event: 0.551 Thread 0x0000015d24959800 Uncommon trap: reason=unstable_if action=reinterpret pc=0x0000015d33a674b4 method=java.lang.String.equalsIgnoreCase(Ljava/lang/String;)Z @ 10 c2
Event: 0.817 Thread 0x0000015d24959800 Uncommon trap: reason=unstable_if action=reinterpret pc=0x0000015d33a5a9c8 method=java.lang.CharacterDataLatin1.digit(II)I @ 12 c2
Event: 0.901 Thread 0x0000015d24959800 Uncommon trap: reason=unstable_if action=reinterpret pc=0x0000015d33a5adc4 method=java.lang.CharacterDataLatin1.digit(II)I @ 12 c2
Event: 0.903 Thread 0x0000015d24959800 Uncommon trap: reason=unstable_if action=reinterpret pc=0x0000015d33a76a18 method=java.io.ByteArrayInputStream.read([BII)I @ 35 c2
Event: 0.948 Thread 0x0000015d24959800 Uncommon trap: reason=unstable_if action=reinterpret pc=0x0000015d33a7f0f8 method=java.util.regex.Pattern$SliceI.match(Ljava/util/regex/Matcher;ILjava/lang/CharSequence;)Z @ 29 c2

Classes redefined (0 events):
No events

Internal exceptions (9 events):
Event: 0.363 Thread 0x0000015d24959800 Exception <a 'java/lang/NoSuchMethodError'{0x0000000088b60418}: java.lang.invoke.DirectMethodHandle$Holder.invokeStaticInit(Ljava/lang/Object;IIII)Ljava/lang/Object;> (0x0000000088b60418) thrown at [./open/src/hotspot/share/interpreter/linkResolver.cpp, l
Event: 0.365 Thread 0x0000015d24959800 Exception <a 'sun/nio/fs/WindowsException'{0x0000000088b66438}> (0x0000000088b66438) thrown at [./open/src/hotspot/share/prims/jni.cpp, line 611]
Event: 0.366 Thread 0x0000015d24959800 Exception <a 'java/lang/NoSuchMethodError'{0x0000000088b6dcf0}: java.lang.invoke.DirectMethodHandle$Holder.invokeSpecialIFC(Ljava/lang/Object;Ljava/lang/Object;I)I> (0x0000000088b6dcf0) thrown at [./open/src/hotspot/share/interpreter/linkResolver.cpp, lin
Event: 0.382 Thread 0x0000015d24959800 Exception <a 'java/lang/NoSuchMethodError'{0x0000000088b95330}: java.lang.invoke.DirectMethodHandle$Holder.invokeStaticInit(Ljava/lang/Object;Ljava/lang/Object;Ljava/lang/Object;Ljava/lang/Object;)I> (0x0000000088b95330) thrown at [./open/src/hotspot/shar
Event: 0.384 Thread 0x0000015d24959800 Exception <a 'java/lang/IncompatibleClassChangeError'{0x0000000088b9f678}: Found class java.lang.Object, but interface was expected> (0x0000000088b9f678) thrown at [./open/src/hotspot/share/interpreter/linkResolver.cpp, line 838]
Event: 0.386 Thread 0x0000015d24959800 Exception <a 'java/lang/NoSuchMethodError'{0x0000000088ba2b80}: java.lang.invoke.DirectMethodHandle$Holder.invokeStaticInit(Ljava/lang/Object;Ljava/lang/Object;)V> (0x0000000088ba2b80) thrown at [./open/src/hotspot/share/interpreter/linkResolver.cpp, line
Event: 0.387 Thread 0x0000015d24959800 Exception <a 'java/lang/NoSuchMethodError'{0x0000000088ba8d88}: java.lang.invoke.DirectMethodHandle$Holder.invokeStaticInit(Ljava/lang/Object;Ljava/lang/Object;)I> (0x0000000088ba8d88) thrown at [./open/src/hotspot/share/interpreter/linkResolver.cpp, line
Event: 0.551 Thread 0x0000015d24959800 Implicit null exception at 0x0000015d33a66f75 to 0x0000015d33a674a0
Event: 0.784 Thread 0x0000015d24959800 Exception <a 'java/lang/NoSuchMethodError'{0x00000000885f6558}: java.lang.invoke.DirectMethodHandle$Holder.invokeStaticInit(Ljava/lang/Object;Ljava/lang/Object;IIII)Ljava/lang/Object;> (0x00000000885f6558) thrown at [./open/src/hotspot/share/interpreter/l

Events (10 events):
Event: 0.987 loading class java/lang/ClassValue$Version
Event: 0.987 loading class java/lang/ClassValue$Version done
Event: 0.987 loading class java/lang/invoke/StringConcatFactory$Stringifiers$StringifierAny
Event: 0.987 loading class java/lang/invoke/StringConcatFactory$Stringifiers$StringifierAny done
Event: 0.987 loading class java/lang/ClassValue$ClassValueMap
Event: 0.987 loading class java/lang/ClassValue$ClassValueMap done
Event: 0.990 loading class java/lang/invoke/BoundMethodHandle$Species_LL
Event: 0.990 loading class java/lang/invoke/BoundMethodHandle$Species_LL done
Event: 0.992 loading class java/lang/invoke/BoundMethodHandle$Species_LLL
Event: 0.992 loading class java/lang/invoke/BoundMethodHandle$Species_LLL done


Dynamic libraries:
0x00007ff6e1d30000 - 0x00007ff6e1d3f000 	C:\Program Files\Java\jdk-11.0.13\bin\java.exe
0x00007ff84b6a0000 - 0x00007ff84b8a9000 	C:\Windows\SYSTEM32\ntdll.dll
0x00007ff84a5b0000 - 0x00007ff84a66d000 	C:\Windows\System32\KERNEL32.DLL
0x00007ff848bb0000 - 0x00007ff848f2d000 	C:\Windows\System32\KERNELBASE.dll
0x00007ff848f30000 - 0x00007ff849041000 	C:\Windows\System32\ucrtbase.dll
0x00007ff82dd20000 - 0x00007ff82dd38000 	C:\Program Files\Java\jdk-11.0.13\bin\jli.dll
0x00007ff84a7e0000 - 0x00007ff84a88e000 	C:\Windows\System32\ADVAPI32.dll
0x00007ff84a900000 - 0x00007ff84a9a3000 	C:\Windows\System32\msvcrt.dll
0x00007ff84b1e0000 - 0x00007ff84b27e000 	C:\Windows\System32\sechost.dll
0x00007ff84b530000 - 0x00007ff84b650000 	C:\Windows\System32\RPCRT4.dll
0x00007ff84a280000 - 0x00007ff84a42d000 	C:\Windows\System32\USER32.dll
0x00007ff848b80000 - 0x00007ff848ba6000 	C:\Windows\System32\win32u.dll
0x00007ff8496f0000 - 0x00007ff849719000 	C:\Windows\System32\GDI32.dll
0x00007ff849370000 - 0x00007ff849488000 	C:\Windows\System32\gdi32full.dll
0x00007ff849490000 - 0x00007ff84952d000 	C:\Windows\System32\msvcp_win.dll
0x00007ff827c30000 - 0x00007ff827c45000 	C:\Program Files\Java\jdk-11.0.13\bin\VCRUNTIME140.dll
0x00007ff832b40000 - 0x00007ff832de5000 	C:\Windows\WinSxS\amd64_microsoft.windows.common-controls_6595b64144ccf1df_6.0.22000.120_none_9d947278b86cc467\COMCTL32.dll
0x00007ff842ed0000 - 0x00007ff842eda000 	C:\Windows\SYSTEM32\VERSION.dll
0x00007ff8495c0000 - 0x00007ff8495f1000 	C:\Windows\System32\IMM32.DLL
0x00007ff8226f0000 - 0x00007ff82278b000 	C:\Program Files\Java\jdk-11.0.13\bin\msvcp140.dll
0x00007fffe9c60000 - 0x00007fffea773000 	C:\Program Files\Java\jdk-11.0.13\bin\server\jvm.dll
0x00007ff84a9b0000 - 0x00007ff84a9b8000 	C:\Windows\System32\PSAPI.DLL
0x00007ff8365e0000 - 0x00007ff8365e9000 	C:\Windows\SYSTEM32\WSOCK32.dll
0x00007ff84b310000 - 0x00007ff84b37f000 	C:\Windows\System32\WS2_32.dll
0x00007ff83f110000 - 0x00007ff83f143000 	C:\Windows\SYSTEM32\WINMM.dll
0x00007ff847d70000 - 0x00007ff847d88000 	C:\Windows\SYSTEM32\kernel.appcore.dll
0x00007ff8347f0000 - 0x00007ff834800000 	C:\Program Files\Java\jdk-11.0.13\bin\verify.dll
0x00007ff83d3a0000 - 0x00007ff83d5c1000 	C:\Windows\SYSTEM32\DBGHELP.DLL
0x00007ff831ef0000 - 0x00007ff831f21000 	C:\Windows\SYSTEM32\dbgcore.DLL
0x00007ff849050000 - 0x00007ff8490cf000 	C:\Windows\System32\bcryptPrimitives.dll
0x00007ff824d20000 - 0x00007ff824d48000 	C:\Program Files\Java\jdk-11.0.13\bin\java.dll
0x00007ff8341a0000 - 0x00007ff8341aa000 	C:\Program Files\Java\jdk-11.0.13\bin\jimage.dll
0x00007ff8276f0000 - 0x00007ff827706000 	C:\Program Files\Java\jdk-11.0.13\bin\zip.dll
0x00007ff84aa20000 - 0x00007ff84b1d8000 	C:\Windows\System32\SHELL32.dll
0x00007ff846d00000 - 0x00007ff847568000 	C:\Windows\SYSTEM32\windows.storage.dll
0x00007ff849f00000 - 0x00007ff84a279000 	C:\Windows\System32\combase.dll
0x00007ff846b90000 - 0x00007ff846cf6000 	C:\Windows\SYSTEM32\wintypes.dll
0x00007ff84a670000 - 0x00007ff84a75a000 	C:\Windows\System32\SHCORE.dll
0x00007ff84a430000 - 0x00007ff84a48d000 	C:\Windows\System32\shlwapi.dll
0x00007ff848ab0000 - 0x00007ff848ad1000 	C:\Windows\SYSTEM32\profapi.dll
0x00007ff826230000 - 0x00007ff826249000 	C:\Program Files\Java\jdk-11.0.13\bin\net.dll
0x00007ff8437d0000 - 0x00007ff8438dc000 	C:\Windows\SYSTEM32\WINHTTP.dll
0x00007ff8481a0000 - 0x00007ff848207000 	C:\Windows\system32\mswsock.dll
0x00007ff824b10000 - 0x00007ff824b22000 	C:\Program Files\Java\jdk-11.0.13\bin\nio.dll
0x00007ff824710000 - 0x00007ff824735000 	C:\Program Files\Java\jdk-11.0.13\bin\sunec.dll
0x00007ff8483e0000 - 0x00007ff8483f8000 	C:\Windows\SYSTEM32\CRYPTSP.dll
0x00007ff847cd0000 - 0x00007ff847d05000 	C:\Windows\system32\rsaenh.dll
0x00007ff848290000 - 0x00007ff8482b9000 	C:\Windows\SYSTEM32\USERENV.dll
0x00007ff848560000 - 0x00007ff848587000 	C:\Windows\SYSTEM32\bcrypt.dll
0x00007ff848400000 - 0x00007ff84840c000 	C:\Windows\SYSTEM32\CRYPTBASE.dll
0x00007ff8478a0000 - 0x00007ff8478cd000 	C:\Windows\SYSTEM32\IPHLPAPI.DLL
0x00007ff84a8f0000 - 0x00007ff84a8f9000 	C:\Windows\System32\NSI.dll
0x00007ff842ef0000 - 0x00007ff842f09000 	C:\Windows\SYSTEM32\dhcpcsvc6.DLL
0x00007ff8439a0000 - 0x00007ff8439be000 	C:\Windows\SYSTEM32\dhcpcsvc.DLL
0x00007ff847910000 - 0x00007ff8479f8000 	C:\Windows\SYSTEM32\DNSAPI.dll
0x00007ff83d1b0000 - 0x00007ff83d1ba000 	C:\Windows\System32\rasadhlp.dll
0x00007ff8416d0000 - 0x00007ff841751000 	C:\Windows\System32\fwpuclnt.dll
0x00007ff834040000 - 0x00007ff83404d000 	C:\Program Files\Java\jdk-11.0.13\bin\sunmscapi.dll
0x00007ff8490d0000 - 0x00007ff849232000 	C:\Windows\System32\CRYPT32.dll
0x00007ff848530000 - 0x00007ff848558000 	C:\Windows\SYSTEM32\ncrypt.dll
0x00007ff8484f0000 - 0x00007ff848527000 	C:\Windows\SYSTEM32\NTASN1.dll

dbghelp: loaded successfully - version: 4.0.5 - missing functions: none
symbol engine: initialized successfully - sym options: 0x614 - pdb path: .;C:\Program Files\Java\jdk-11.0.13\bin;C:\Windows\SYSTEM32;C:\Windows\WinSxS\amd64_microsoft.windows.common-controls_6595b64144ccf1df_6.0.22000.120_none_9d947278b86cc467;C:\Program Files\Java\jdk-11.0.13\bin\server

VM Arguments:
java_command: relogio.main.watch
java_class_path (initial): C:\Users\vitor\AppData\Roaming\Code\User\workspaceStorage\7e381c3686e90eea3ef7cecc51b33a25\redhat.java\jdt_ws\Treinando_f57e4f5e\bin;c:\Users\vitor\OneDrive\Documentos\gson-2.9.1.jar
Launcher Type: SUN_STANDARD

[Global flags]
     intx CICompilerCount                          = 3                                         {product} {ergonomic}
     uint ConcGCThreads                            = 1                                         {product} {ergonomic}
     uint G1ConcRefinementThreads                  = 4                                         {product} {ergonomic}
   size_t G1HeapRegionSize                         = 1048576                                   {product} {ergonomic}
    uintx GCDrainStackTargetSize                   = 64                                        {product} {ergonomic}
   size_t InitialHeapSize                          = 134217728                                 {product} {ergonomic}
   size_t MarkStackSize                            = 4194304                                   {product} {ergonomic}
   size_t MaxHeapSize                              = 2132803584                                {product} {ergonomic}
   size_t MaxNewSize                               = 1279262720                                {product} {ergonomic}
   size_t MinHeapDeltaBytes                        = 1048576                                   {product} {ergonomic}
    uintx NonNMethodCodeHeapSize                   = 5830732                                {pd product} {ergonomic}
    uintx NonProfiledCodeHeapSize                  = 122913754                              {pd product} {ergonomic}
    uintx ProfiledCodeHeapSize                     = 122913754                              {pd product} {ergonomic}
    uintx ReservedCodeCacheSize                    = 251658240                              {pd product} {ergonomic}
     bool SegmentedCodeCache                       = true                                      {product} {ergonomic}
     bool UseCompressedClassPointers               = true                                 {lp64_product} {ergonomic}
     bool UseCompressedOops                        = true                                 {lp64_product} {ergonomic}
     bool UseG1GC                                  = true                                      {product} {ergonomic}
     bool UseLargePagesIndividualAllocation        = false                                  {pd product} {ergonomic}

Logging:
Log output configuration:
 #0: stdout all=warning uptime,level,tags
 #1: stderr all=off uptime,level,tags

Environment Variables:
PATH=c:\program files\java\jdk-11.0.13\bin;c:\windows\system32;c:\windows;c:\windows\system32\wbem;c:\windows\system32\windowspowershell\v1.0\;c:\windows\system32\openssh\;c:\program files\putty\;c:\program files\git\cmd;c:\program files\microsoft vs code\bin;c:\program files\dotnet\;c:\program files\calibre2\;c:\program files (x86)\zerotier\one\;c:\program files\nvidia corporation\nvidia nvdlisr;C:\Program Files (x86)\NVIDIA Corporation\PhysX\Common;C:\Program Files\Microsoft VS Code\bin;C:\Program Files\Git\cmd;C:\Users\vitor\AppData\Local\Programs\Python\Python310\Scripts\;C:\Users\vitor\AppData\Local\Programs\Python\Python310\;C:\Users\vitor\AppData\Local\Microsoft\WindowsApps
USERNAME=vitor
OS=Windows_NT
PROCESSOR_IDENTIFIER=Intel64 Family 6 Model 158 Stepping 10, GenuineIntel



---------------  S Y S T E M  ---------------

OS: Windows 10 , 64 bit Build 22000 (10.0.22000.708)

CPU:total 4 (initial active 4) (4 cores per cpu, 1 threads per core) family 6 model 158 stepping 10 microcode 0xde, cmov, cx8, fxsr, mmx, sse, sse2, sse3, ssse3, sse4.1, sse4.2, popcnt, avx, avx2, aes, clmul, erms, 3dnowpref, lzcnt, tsc, tscinvbit, bmi1, bmi2, adx, fma

Memory: 4k page, system-wide physical 8134M (491M free)
TotalPageFile size 17818M (AvailPageFile size 13M)
current process WorkingSet (physical memory assigned to process): 64M, peak: 64M
current process commit charge ("private bytes"): 212M, peak: 212M

vm_info: Java HotSpot(TM) 64-Bit Server VM (11.0.13+10-LTS-370) for windows-amd64 JRE (11.0.13+10-LTS-370), built on Sep 15 2021 22:10:36 by "mach5one" with MS VC++ 15.9 (VS2017)

END.
